2025-07-30 09:48:30,010 - INFO - Attempting to connect to opc.tcp://localhost:4840/simulator/server...
2025-07-30 09:48:30,010 - INFO - connect
2025-07-30 09:48:30,010 - INFO - opening connection
2025-07-30 09:48:32,071 - INFO - updating client limits to: TransportLimits(max_recv_buffer=65535, max_send_buffer=65535, max_chunk_count=0, max_message_size=0)
2025-07-30 09:48:32,073 - INFO - open_secure_channel
2025-07-30 09:48:32,073 - INFO - create_session
2025-07-30 09:48:32,078 - INFO - find_endpoint [EndpointDescription(EndpointUrl='opc.tcp://localhost:4840/simulator/server', Server=ApplicationDescription(ApplicationUri='urn:freeopcua:python:server', ProductUri='urn:freeopcua.github.io:python:server', ApplicationName=LocalizedText(Locale=None, Text='FreeOpcUa Python Server'), ApplicationType_=<ApplicationType.ClientAndServer: 2>, GatewayServerUri=None, DiscoveryProfileUri=None, DiscoveryUrls=['opc.tcp://localhost:4840/simulator/server']), ServerCertificate=None, SecurityMode=<MessageSecurityMode.None_: 1>, SecurityPolicyUri='http://opcfoundation.org/UA/SecurityPolicy#None', UserIdentityTokens=[UserTokenPolicy(PolicyId='anonymous', TokenType=<UserTokenType.Anonymous: 0>, IssuedTokenType=None, IssuerEndpointUrl=None, SecurityPolicyUri='http://opcfoundation.org/UA/SecurityPolicy#None'), UserTokenPolicy(PolicyId='username', TokenType=<UserTokenType.UserName: 1>, IssuedTokenType=None, IssuerEndpointUrl=None, SecurityPolicyUri='http://opcfoundation.org/UA/SecurityPolicy#None')], TransportProfileUri='http://opcfoundation.org/UA-Profile/Transport/uatcp-uasc-uabinary', SecurityLevel=0)] <MessageSecurityMode.None_: 1> 'http://opcfoundation.org/UA/SecurityPolicy#None'
2025-07-30 09:48:32,078 - INFO - activate_session
2025-07-30 09:48:32,090 - INFO - Connection successful!
2025-07-30 09:48:32,090 - INFO - create_subscription success SubscriptionId 81
2025-07-30 09:48:32,090 - INFO - Subscription created 81
2025-07-30 09:48:32,090 - INFO - Starting recursive browsing from 'Objects' folder and subscribing to data variables/properties...
2025-07-30 09:48:32,090 - INFO - get_objects_node
2025-07-30 09:48:32,090 - INFO - browse
2025-07-30 09:48:32,108 - INFO - Publish callback called with result: PublishResult(SubscriptionId=81, AvailableSequenceNumbers=[], MoreNotifications=False, NotificationMessage_=NotificationMessage(SequenceNumber=1, PublishTime=datetime.datetime(2025, 7, 30, 1, 48, 32, 106866, tzinfo=datetime.timezone.utc), NotificationData=[]), Results=[], DiagnosticInfos=[])
2025-07-30 09:48:32,112 - WARNING - - Could not process node 'Locations' (NodeId(Identifier=31915, NamespaceIndex=0, NodeIdType=<NodeIdType.Numeric: 2>)): Property
2025-07-30 09:48:32,123 - WARNING - - Could not process node 'Server' (NodeId(Identifier=2253, NamespaceIndex=0, NodeIdType=<NodeIdType.Numeric: 2>)): Property
2025-07-30 09:48:32,123 - WARNING - - Could not process node 'Aliases' (NodeId(Identifier=23470, NamespaceIndex=0, NodeIdType=<NodeIdType.Numeric: 2>)): Property
2025-07-30 09:48:32,129 - WARNING - - Could not process node 'GT01' (NodeId(Identifier=1, NamespaceIndex=2, NodeIdType=<NodeIdType.FourByte: 1>)): Property
2025-07-30 09:48:32,129 - INFO - Subscription setup complete. Monitoring data changes...
2025-07-30 09:48:32,129 - INFO - Type 'w' to write a value, 'q' to quit, or press Enter to keep monitoring.
2025-07-30 09:49:16,324 - INFO - disconnect
2025-07-30 09:49:16,324 - INFO - close_session
2025-07-30 09:49:16,347 - INFO - close_secure_channel
2025-07-30 09:49:16,349 - INFO - Request to close socket received
2025-07-30 09:49:16,349 - INFO - Deleting subscription...
2025-07-30 09:49:16,349 - WARNING - Error deleting subscription: 'NoneType' object has no attribute 'send_request'
2025-07-30 09:49:16,349 - INFO - Client application finished.
2025-07-30 09:49:16,349 - INFO - Socket has closed connection
